<?xml version="1.0" encoding="UTF-8"?>
<testsuite name="TestCsvParser" tests="3" skipped="0" failures="0" errors="0" timestamp="2023-11-14T16:06:32" hostname="MacBook-Pro-2" time="0.057">
  <properties/>
  <testcase name="new order()" classname="TestCsvParser" time="0.048"/>
  <testcase name="flush book()" classname="TestCsvParser" time="0.002"/>
  <testcase name="cancel order()" classname="TestCsvParser" time="0.003"/>
  <system-out><![CDATA[]]></system-out>
  <system-err><![CDATA[]]></system-err>
</testsuite>
